<?xml version="1.0" encoding="UTF-8"?>
<!-- Generated by org.testng.reporters.JUnitReportReporter -->
<testsuite hostname="DESKTOP-6GDU2G7" failures="0" tests="4" name="com.nopcommerce_V5.testcases.TC2_LoginTest" time="56.876" errors="0" timestamp="2022-01-12T18:50:00 IST" skipped="0">
  <testcase classname="com.nopcommerce_V5.testcases.TC2_LoginTest" name="loginTest2" time="15.794"/>
  <system-out/>
  <testcase classname="com.nopcommerce_V5.testcases.TC2_LoginTest" name="loginTest2" time="13.073"/>
  <system-out/>
  <testcase classname="com.nopcommerce_V5.testcases.TC2_LoginTest" name="loginTest2" time="16.704"/>
  <system-out/>
  <testcase classname="com.nopcommerce_V5.testcases.TC2_LoginTest" name="loginTest2" time="11.305"/>
  <system-out/>
</testsuite> <!-- com.nopcommerce_V5.testcases.TC2_LoginTest -->
